c:\users\jacob\source\repos\profilerattach\profilerattach\debug\profilerattach.pch
c:\users\jacob\source\repos\profilerattach\profilerattach\debug\vc141.pdb
c:\users\jacob\source\repos\profilerattach\profilerattach\debug\vc141.idb
c:\users\jacob\source\repos\profilerattach\profilerattach\debug\stdafx.obj
c:\users\jacob\source\repos\profilerattach\profilerattach\debug\corprof_i.obj
c:\users\jacob\source\repos\profilerattach\debug\profilerattach.ilk
c:\users\jacob\source\repos\profilerattach\debug\profilerattach.exe
c:\users\jacob\source\repos\profilerattach\debug\profilerattach.pdb
c:\users\jacob\source\repos\profilerattach\profilerattach\corprof_p.c
c:\users\jacob\source\repos\profilerattach\profilerattach\corprof_i.c
c:\users\jacob\source\repos\profilerattach\profilerattach\corprof_h.h
c:\users\jacob\source\repos\profilerattach\profilerattach\debug\profilerattach.tlog\cl.command.1.tlog
c:\users\jacob\source\repos\profilerattach\profilerattach\debug\profilerattach.tlog\cl.read.1.tlog
c:\users\jacob\source\repos\profilerattach\profilerattach\debug\profilerattach.tlog\cl.write.1.tlog
c:\users\jacob\source\repos\profilerattach\profilerattach\debug\profilerattach.tlog\link.command.1.tlog
c:\users\jacob\source\repos\profilerattach\profilerattach\debug\profilerattach.tlog\link.read.1.tlog
c:\users\jacob\source\repos\profilerattach\profilerattach\debug\profilerattach.tlog\link.write.1.tlog
c:\users\jacob\source\repos\profilerattach\profilerattach\debug\profilerattach.tlog\midl.command.1.tlog
c:\users\jacob\source\repos\profilerattach\profilerattach\debug\profilerattach.tlog\midl.read.1.tlog
c:\users\jacob\source\repos\profilerattach\profilerattach\debug\profilerattach.tlog\midl.write.1.tlog
